<?xml version="1.0" encoding="UTF-8"?>
<testsuite xmlns:xsi="http://www.w3.org/2001/XMLSchema-instance" xsi:noNamespaceSchemaLocation="https://maven.apache.org/surefire/maven-surefire-plugin/xsd/surefire-test-report.xsd" name="gkosia.flink.java.AppTest" time="0.004" tests="1" errors="0" skipped="0" failures="0">
  <properties>
    <property name="awt.toolkit" value="sun.awt.X11.XToolkit"/>
    <property name="java.specification.version" value="11"/>
    <property name="sun.cpu.isalist" value=""/>
    <property name="sun.jnu.encoding" value="UTF-8"/>
    <property name="java.class.path" value="/home/gkosia/my-repos/flink/flink_101_java/learn-flink/target/test-classes:/home/gkosia/my-repos/flink/flink_101_java/learn-flink/target/classes:/home/gkosia/.m2/repository/org/apache/flink/flink-java/1.17.0/flink-java-1.17.0.jar:/home/gkosia/.m2/repository/org/apache/flink/flink-core/1.17.0/flink-core-1.17.0.jar:/home/gkosia/.m2/repository/org/apache/flink/flink-annotations/1.17.0/flink-annotations-1.17.0.jar:/home/gkosia/.m2/repository/org/apache/flink/flink-metrics-core/1.17.0/flink-metrics-core-1.17.0.jar:/home/gkosia/.m2/repository/org/apache/flink/flink-shaded-asm-9/9.3-16.1/flink-shaded-asm-9-9.3-16.1.jar:/home/gkosia/.m2/repository/org/apache/flink/flink-shaded-jackson/2.13.4-16.1/flink-shaded-jackson-2.13.4-16.1.jar:/home/gkosia/.m2/repository/org/apache/commons/commons-text/1.10.0/commons-text-1.10.0.jar:/home/gkosia/.m2/repository/com/esotericsoftware/kryo/kryo/2.24.0/kryo-2.24.0.jar:/home/gkosia/.m2/repository/com/esotericsoftware/minlog/minlog/1.2/minlog-1.2.jar:/home/gkosia/.m2/repository/org/objenesis/objenesis/2.1/objenesis-2.1.jar:/home/gkosia/.m2/repository/commons-collections/commons-collections/3.2.2/commons-collections-3.2.2.jar:/home/gkosia/.m2/repository/org/apache/commons/commons-compress/1.21/commons-compress-1.21.jar:/home/gkosia/.m2/repository/org/apache/commons/commons-lang3/3.12.0/commons-lang3-3.12.0.jar:/home/gkosia/.m2/repository/org/apache/commons/commons-math3/3.6.1/commons-math3-3.6.1.jar:/home/gkosia/.m2/repository/com/twitter/chill-java/0.7.6/chill-java-0.7.6.jar:/home/gkosia/.m2/repository/org/slf4j/slf4j-api/1.7.36/slf4j-api-1.7.36.jar:/home/gkosia/.m2/repository/com/google/code/findbugs/jsr305/1.3.9/jsr305-1.3.9.jar:/home/gkosia/.m2/repository/org/apache/flink/flink-streaming-java/1.17.0/flink-streaming-java-1.17.0.jar:/home/gkosia/.m2/repository/org/apache/flink/flink-file-sink-common/1.17.0/flink-file-sink-common-1.17.0.jar:/home/gkosia/.m2/repository/org/apache/flink/flink-runtime/1.17.0/flink-runtime-1.17.0.jar:/home/gkosia/.m2/repository/org/apache/flink/flink-rpc-core/1.17.0/flink-rpc-core-1.17.0.jar:/home/gkosia/.m2/repository/org/apache/flink/flink-rpc-akka-loader/1.17.0/flink-rpc-akka-loader-1.17.0.jar:/home/gkosia/.m2/repository/org/apache/flink/flink-queryable-state-client-java/1.17.0/flink-queryable-state-client-java-1.17.0.jar:/home/gkosia/.m2/repository/org/apache/flink/flink-hadoop-fs/1.17.0/flink-hadoop-fs-1.17.0.jar:/home/gkosia/.m2/repository/commons-io/commons-io/2.11.0/commons-io-2.11.0.jar:/home/gkosia/.m2/repository/org/apache/flink/flink-shaded-netty/4.1.82.Final-16.1/flink-shaded-netty-4.1.82.Final-16.1.jar:/home/gkosia/.m2/repository/org/apache/flink/flink-shaded-zookeeper-3/3.7.1-16.1/flink-shaded-zookeeper-3-3.7.1-16.1.jar:/home/gkosia/.m2/repository/org/javassist/javassist/3.24.0-GA/javassist-3.24.0-GA.jar:/home/gkosia/.m2/repository/org/apache/flink/flink-shaded-guava/30.1.1-jre-16.1/flink-shaded-guava-30.1.1-jre-16.1.jar:/home/gkosia/.m2/repository/org/apache/flink/flink-clients/1.17.0/flink-clients-1.17.0.jar:/home/gkosia/.m2/repository/org/apache/flink/flink-optimizer/1.17.0/flink-optimizer-1.17.0.jar:/home/gkosia/.m2/repository/commons-cli/commons-cli/1.5.0/commons-cli-1.5.0.jar:/home/gkosia/.m2/repository/org/apache/flink/flink-json/1.17.0/flink-json-1.17.0.jar:/home/gkosia/.m2/repository/org/apache/flink/flink-shaded-force-shading/16.1/flink-shaded-force-shading-16.1.jar:/home/gkosia/.m2/repository/org/apache/flink/flink-connector-datagen/1.17.0/flink-connector-datagen-1.17.0.jar:/home/gkosia/.m2/repository/org/apache/flink/flink-connector-kafka/1.17.0/flink-connector-kafka-1.17.0.jar:/home/gkosia/.m2/repository/org/apache/flink/flink-connector-base/1.17.0/flink-connector-base-1.17.0.jar:/home/gkosia/.m2/repository/org/apache/kafka/kafka-clients/3.2.3/kafka-clients-3.2.3.jar:/home/gkosia/.m2/repository/com/github/luben/zstd-jni/1.5.2-1/zstd-jni-1.5.2-1.jar:/home/gkosia/.m2/repository/org/lz4/lz4-java/1.8.0/lz4-java-1.8.0.jar:/home/gkosia/.m2/repository/org/xerial/snappy/snappy-java/1.1.8.4/snappy-java-1.1.8.4.jar:/home/gkosia/.m2/repository/org/apache/logging/log4j/log4j-slf4j-impl/2.17.1/log4j-slf4j-impl-2.17.1.jar:/home/gkosia/.m2/repository/org/apache/logging/log4j/log4j-api/2.17.1/log4j-api-2.17.1.jar:/home/gkosia/.m2/repository/org/apache/logging/log4j/log4j-core/2.17.1/log4j-core-2.17.1.jar:/home/gkosia/.m2/repository/org/junit/jupiter/junit-jupiter-engine/5.9.2/junit-jupiter-engine-5.9.2.jar:/home/gkosia/.m2/repository/org/junit/platform/junit-platform-engine/1.9.2/junit-platform-engine-1.9.2.jar:/home/gkosia/.m2/repository/org/opentest4j/opentest4j/1.2.0/opentest4j-1.2.0.jar:/home/gkosia/.m2/repository/org/junit/platform/junit-platform-commons/1.9.2/junit-platform-commons-1.9.2.jar:/home/gkosia/.m2/repository/org/junit/jupiter/junit-jupiter-api/5.9.2/junit-jupiter-api-5.9.2.jar:/home/gkosia/.m2/repository/org/apiguardian/apiguardian-api/1.1.2/apiguardian-api-1.1.2.jar:/home/gkosia/.m2/repository/org/junit/platform/junit-platform-runner/1.9.2/junit-platform-runner-1.9.2.jar:/home/gkosia/.m2/repository/junit/junit/4.13.2/junit-4.13.2.jar:/home/gkosia/.m2/repository/org/hamcrest/hamcrest-core/1.3/hamcrest-core-1.3.jar:/home/gkosia/.m2/repository/org/junit/platform/junit-platform-launcher/1.9.2/junit-platform-launcher-1.9.2.jar:/home/gkosia/.m2/repository/org/junit/platform/junit-platform-suite-api/1.9.2/junit-platform-suite-api-1.9.2.jar:/home/gkosia/.m2/repository/org/junit/platform/junit-platform-suite-commons/1.9.2/junit-platform-suite-commons-1.9.2.jar:/home/gkosia/.m2/repository/org/apache/flink/flink-test-utils/1.17.0/flink-test-utils-1.17.0.jar:/home/gkosia/.m2/repository/org/apache/flink/flink-table-common/1.17.0/flink-table-common-1.17.0.jar:/home/gkosia/.m2/repository/com/ibm/icu/icu4j/67.1/icu4j-67.1.jar:/home/gkosia/.m2/repository/org/apache/flink/flink-test-utils-junit/1.17.0/flink-test-utils-junit-1.17.0.jar:/home/gkosia/.m2/repository/org/junit/vintage/junit-vintage-engine/5.9.1/junit-vintage-engine-5.9.1.jar:/home/gkosia/.m2/repository/org/testcontainers/testcontainers/1.17.2/testcontainers-1.17.2.jar:/home/gkosia/.m2/repository/org/rnorth/duct-tape/duct-tape/1.0.8/duct-tape-1.0.8.jar:/home/gkosia/.m2/repository/org/jetbrains/annotations/17.0.0/annotations-17.0.0.jar:/home/gkosia/.m2/repository/com/github/docker-java/docker-java-api/3.2.13/docker-java-api-3.2.13.jar:/home/gkosia/.m2/repository/com/fasterxml/jackson/core/jackson-annotations/2.10.3/jackson-annotations-2.10.3.jar:/home/gkosia/.m2/repository/com/github/docker-java/docker-java-transport-zerodep/3.2.13/docker-java-transport-zerodep-3.2.13.jar:/home/gkosia/.m2/repository/com/github/docker-java/docker-java-transport/3.2.13/docker-java-transport-3.2.13.jar:/home/gkosia/.m2/repository/net/java/dev/jna/jna/5.8.0/jna-5.8.0.jar:/home/gkosia/.m2/repository/org/apache/flink/flink-runtime/1.17.0/flink-runtime-1.17.0-tests.jar:/home/gkosia/.m2/repository/org/apache/flink/flink-core/1.17.0/flink-core-1.17.0-tests.jar:/home/gkosia/.m2/repository/org/apache/flink/flink-rpc-akka-loader/1.17.0/flink-rpc-akka-loader-1.17.0-tests.jar:/home/gkosia/.m2/repository/org/junit/jupiter/junit-jupiter/5.9.1/junit-jupiter-5.9.1.jar:/home/gkosia/.m2/repository/org/junit/jupiter/junit-jupiter-params/5.9.1/junit-jupiter-params-5.9.1.jar:/home/gkosia/.m2/repository/org/assertj/assertj-core/3.23.1/assertj-core-3.23.1.jar:/home/gkosia/.m2/repository/net/bytebuddy/byte-buddy/1.12.10/byte-buddy-1.12.10.jar:/home/gkosia/.m2/repository/org/apache/flink/flink-statebackend-changelog/1.17.0/flink-statebackend-changelog-1.17.0.jar:/home/gkosia/.m2/repository/org/apache/flink/flink-statebackend-common/1.17.0/flink-statebackend-common-1.17.0.jar:src/test/java/:"/>
    <property name="java.vm.vendor" value="Ubuntu"/>
    <property name="sun.arch.data.model" value="64"/>
    <property name="java.vendor.url" value="https://ubuntu.com/"/>
    <property name="user.timezone" value=""/>
    <property name="java.vm.specification.version" value="11"/>
    <property name="os.name" value="Linux"/>
    <property name="sun.java.launcher" value="SUN_STANDARD"/>
    <property name="sun.boot.library.path" value="/usr/lib/jvm/java-11-openjdk-amd64/lib"/>
    <property name="sun.java.command" value="/home/gkosia/my-repos/flink/flink_101_java/learn-flink/target/surefire/surefirebooter14547079045898787388.jar /home/gkosia/my-repos/flink/flink_101_java/learn-flink/target/surefire 2024-08-09T15-18-02_275-jvmRun1 surefire5377145036743737083tmp surefire_04531270017835519746tmp"/>
    <property name="jdk.debug" value="release"/>
    <property name="surefire.test.class.path" value="/home/gkosia/my-repos/flink/flink_101_java/learn-flink/target/test-classes:/home/gkosia/my-repos/flink/flink_101_java/learn-flink/target/classes:/home/gkosia/.m2/repository/org/apache/flink/flink-java/1.17.0/flink-java-1.17.0.jar:/home/gkosia/.m2/repository/org/apache/flink/flink-core/1.17.0/flink-core-1.17.0.jar:/home/gkosia/.m2/repository/org/apache/flink/flink-annotations/1.17.0/flink-annotations-1.17.0.jar:/home/gkosia/.m2/repository/org/apache/flink/flink-metrics-core/1.17.0/flink-metrics-core-1.17.0.jar:/home/gkosia/.m2/repository/org/apache/flink/flink-shaded-asm-9/9.3-16.1/flink-shaded-asm-9-9.3-16.1.jar:/home/gkosia/.m2/repository/org/apache/flink/flink-shaded-jackson/2.13.4-16.1/flink-shaded-jackson-2.13.4-16.1.jar:/home/gkosia/.m2/repository/org/apache/commons/commons-text/1.10.0/commons-text-1.10.0.jar:/home/gkosia/.m2/repository/com/esotericsoftware/kryo/kryo/2.24.0/kryo-2.24.0.jar:/home/gkosia/.m2/repository/com/esotericsoftware/minlog/minlog/1.2/minlog-1.2.jar:/home/gkosia/.m2/repository/org/objenesis/objenesis/2.1/objenesis-2.1.jar:/home/gkosia/.m2/repository/commons-collections/commons-collections/3.2.2/commons-collections-3.2.2.jar:/home/gkosia/.m2/repository/org/apache/commons/commons-compress/1.21/commons-compress-1.21.jar:/home/gkosia/.m2/repository/org/apache/commons/commons-lang3/3.12.0/commons-lang3-3.12.0.jar:/home/gkosia/.m2/repository/org/apache/commons/commons-math3/3.6.1/commons-math3-3.6.1.jar:/home/gkosia/.m2/repository/com/twitter/chill-java/0.7.6/chill-java-0.7.6.jar:/home/gkosia/.m2/repository/org/slf4j/slf4j-api/1.7.36/slf4j-api-1.7.36.jar:/home/gkosia/.m2/repository/com/google/code/findbugs/jsr305/1.3.9/jsr305-1.3.9.jar:/home/gkosia/.m2/repository/org/apache/flink/flink-streaming-java/1.17.0/flink-streaming-java-1.17.0.jar:/home/gkosia/.m2/repository/org/apache/flink/flink-file-sink-common/1.17.0/flink-file-sink-common-1.17.0.jar:/home/gkosia/.m2/repository/org/apache/flink/flink-runtime/1.17.0/flink-runtime-1.17.0.jar:/home/gkosia/.m2/repository/org/apache/flink/flink-rpc-core/1.17.0/flink-rpc-core-1.17.0.jar:/home/gkosia/.m2/repository/org/apache/flink/flink-rpc-akka-loader/1.17.0/flink-rpc-akka-loader-1.17.0.jar:/home/gkosia/.m2/repository/org/apache/flink/flink-queryable-state-client-java/1.17.0/flink-queryable-state-client-java-1.17.0.jar:/home/gkosia/.m2/repository/org/apache/flink/flink-hadoop-fs/1.17.0/flink-hadoop-fs-1.17.0.jar:/home/gkosia/.m2/repository/commons-io/commons-io/2.11.0/commons-io-2.11.0.jar:/home/gkosia/.m2/repository/org/apache/flink/flink-shaded-netty/4.1.82.Final-16.1/flink-shaded-netty-4.1.82.Final-16.1.jar:/home/gkosia/.m2/repository/org/apache/flink/flink-shaded-zookeeper-3/3.7.1-16.1/flink-shaded-zookeeper-3-3.7.1-16.1.jar:/home/gkosia/.m2/repository/org/javassist/javassist/3.24.0-GA/javassist-3.24.0-GA.jar:/home/gkosia/.m2/repository/org/apache/flink/flink-shaded-guava/30.1.1-jre-16.1/flink-shaded-guava-30.1.1-jre-16.1.jar:/home/gkosia/.m2/repository/org/apache/flink/flink-clients/1.17.0/flink-clients-1.17.0.jar:/home/gkosia/.m2/repository/org/apache/flink/flink-optimizer/1.17.0/flink-optimizer-1.17.0.jar:/home/gkosia/.m2/repository/commons-cli/commons-cli/1.5.0/commons-cli-1.5.0.jar:/home/gkosia/.m2/repository/org/apache/flink/flink-json/1.17.0/flink-json-1.17.0.jar:/home/gkosia/.m2/repository/org/apache/flink/flink-shaded-force-shading/16.1/flink-shaded-force-shading-16.1.jar:/home/gkosia/.m2/repository/org/apache/flink/flink-connector-datagen/1.17.0/flink-connector-datagen-1.17.0.jar:/home/gkosia/.m2/repository/org/apache/flink/flink-connector-kafka/1.17.0/flink-connector-kafka-1.17.0.jar:/home/gkosia/.m2/repository/org/apache/flink/flink-connector-base/1.17.0/flink-connector-base-1.17.0.jar:/home/gkosia/.m2/repository/org/apache/kafka/kafka-clients/3.2.3/kafka-clients-3.2.3.jar:/home/gkosia/.m2/repository/com/github/luben/zstd-jni/1.5.2-1/zstd-jni-1.5.2-1.jar:/home/gkosia/.m2/repository/org/lz4/lz4-java/1.8.0/lz4-java-1.8.0.jar:/home/gkosia/.m2/repository/org/xerial/snappy/snappy-java/1.1.8.4/snappy-java-1.1.8.4.jar:/home/gkosia/.m2/repository/org/apache/logging/log4j/log4j-slf4j-impl/2.17.1/log4j-slf4j-impl-2.17.1.jar:/home/gkosia/.m2/repository/org/apache/logging/log4j/log4j-api/2.17.1/log4j-api-2.17.1.jar:/home/gkosia/.m2/repository/org/apache/logging/log4j/log4j-core/2.17.1/log4j-core-2.17.1.jar:/home/gkosia/.m2/repository/org/junit/jupiter/junit-jupiter-engine/5.9.2/junit-jupiter-engine-5.9.2.jar:/home/gkosia/.m2/repository/org/junit/platform/junit-platform-engine/1.9.2/junit-platform-engine-1.9.2.jar:/home/gkosia/.m2/repository/org/opentest4j/opentest4j/1.2.0/opentest4j-1.2.0.jar:/home/gkosia/.m2/repository/org/junit/platform/junit-platform-commons/1.9.2/junit-platform-commons-1.9.2.jar:/home/gkosia/.m2/repository/org/junit/jupiter/junit-jupiter-api/5.9.2/junit-jupiter-api-5.9.2.jar:/home/gkosia/.m2/repository/org/apiguardian/apiguardian-api/1.1.2/apiguardian-api-1.1.2.jar:/home/gkosia/.m2/repository/org/junit/platform/junit-platform-runner/1.9.2/junit-platform-runner-1.9.2.jar:/home/gkosia/.m2/repository/junit/junit/4.13.2/junit-4.13.2.jar:/home/gkosia/.m2/repository/org/hamcrest/hamcrest-core/1.3/hamcrest-core-1.3.jar:/home/gkosia/.m2/repository/org/junit/platform/junit-platform-launcher/1.9.2/junit-platform-launcher-1.9.2.jar:/home/gkosia/.m2/repository/org/junit/platform/junit-platform-suite-api/1.9.2/junit-platform-suite-api-1.9.2.jar:/home/gkosia/.m2/repository/org/junit/platform/junit-platform-suite-commons/1.9.2/junit-platform-suite-commons-1.9.2.jar:/home/gkosia/.m2/repository/org/apache/flink/flink-test-utils/1.17.0/flink-test-utils-1.17.0.jar:/home/gkosia/.m2/repository/org/apache/flink/flink-table-common/1.17.0/flink-table-common-1.17.0.jar:/home/gkosia/.m2/repository/com/ibm/icu/icu4j/67.1/icu4j-67.1.jar:/home/gkosia/.m2/repository/org/apache/flink/flink-test-utils-junit/1.17.0/flink-test-utils-junit-1.17.0.jar:/home/gkosia/.m2/repository/org/junit/vintage/junit-vintage-engine/5.9.1/junit-vintage-engine-5.9.1.jar:/home/gkosia/.m2/repository/org/testcontainers/testcontainers/1.17.2/testcontainers-1.17.2.jar:/home/gkosia/.m2/repository/org/rnorth/duct-tape/duct-tape/1.0.8/duct-tape-1.0.8.jar:/home/gkosia/.m2/repository/org/jetbrains/annotations/17.0.0/annotations-17.0.0.jar:/home/gkosia/.m2/repository/com/github/docker-java/docker-java-api/3.2.13/docker-java-api-3.2.13.jar:/home/gkosia/.m2/repository/com/fasterxml/jackson/core/jackson-annotations/2.10.3/jackson-annotations-2.10.3.jar:/home/gkosia/.m2/repository/com/github/docker-java/docker-java-transport-zerodep/3.2.13/docker-java-transport-zerodep-3.2.13.jar:/home/gkosia/.m2/repository/com/github/docker-java/docker-java-transport/3.2.13/docker-java-transport-3.2.13.jar:/home/gkosia/.m2/repository/net/java/dev/jna/jna/5.8.0/jna-5.8.0.jar:/home/gkosia/.m2/repository/org/apache/flink/flink-runtime/1.17.0/flink-runtime-1.17.0-tests.jar:/home/gkosia/.m2/repository/org/apache/flink/flink-core/1.17.0/flink-core-1.17.0-tests.jar:/home/gkosia/.m2/repository/org/apache/flink/flink-rpc-akka-loader/1.17.0/flink-rpc-akka-loader-1.17.0-tests.jar:/home/gkosia/.m2/repository/org/junit/jupiter/junit-jupiter/5.9.1/junit-jupiter-5.9.1.jar:/home/gkosia/.m2/repository/org/junit/jupiter/junit-jupiter-params/5.9.1/junit-jupiter-params-5.9.1.jar:/home/gkosia/.m2/repository/org/assertj/assertj-core/3.23.1/assertj-core-3.23.1.jar:/home/gkosia/.m2/repository/net/bytebuddy/byte-buddy/1.12.10/byte-buddy-1.12.10.jar:/home/gkosia/.m2/repository/org/apache/flink/flink-statebackend-changelog/1.17.0/flink-statebackend-changelog-1.17.0.jar:/home/gkosia/.m2/repository/org/apache/flink/flink-statebackend-common/1.17.0/flink-statebackend-common-1.17.0.jar:src/test/java/:"/>
    <property name="sun.cpu.endian" value="little"/>
    <property name="user.home" value="/home/gkosia"/>
    <property name="user.language" value="en"/>
    <property name="java.specification.vendor" value="Oracle Corporation"/>
    <property name="java.version.date" value="2024-07-16"/>
    <property name="java.home" value="/usr/lib/jvm/java-11-openjdk-amd64"/>
    <property name="file.separator" value="/"/>
    <property name="basedir" value="/home/gkosia/my-repos/flink/flink_101_java/learn-flink"/>
    <property name="java.vm.compressedOopsMode" value="Zero based"/>
    <property name="line.separator" value="&#10;"/>
    <property name="java.specification.name" value="Java Platform API Specification"/>
    <property name="java.vm.specification.vendor" value="Oracle Corporation"/>
    <property name="java.awt.graphicsenv" value="sun.awt.X11GraphicsEnvironment"/>
    <property name="surefire.real.class.path" value="/home/gkosia/my-repos/flink/flink_101_java/learn-flink/target/surefire/surefirebooter14547079045898787388.jar"/>
    <property name="sun.management.compiler" value="HotSpot 64-Bit Tiered Compilers"/>
    <property name="java.runtime.version" value="11.0.24+8-post-Ubuntu-1ubuntu322.04"/>
    <property name="user.name" value="gkosia"/>
    <property name="path.separator" value=":"/>
    <property name="os.version" value="5.15.153.1-microsoft-standard-WSL2"/>
    <property name="java.runtime.name" value="OpenJDK Runtime Environment"/>
    <property name="file.encoding" value="UTF-8"/>
    <property name="java.vm.name" value="OpenJDK 64-Bit Server VM"/>
    <property name="localRepository" value="/home/gkosia/.m2/repository"/>
    <property name="java.vendor.url.bug" value="https://bugs.launchpad.net/ubuntu/+source/openjdk-lts"/>
    <property name="java.io.tmpdir" value="/tmp"/>
    <property name="java.version" value="11.0.24"/>
    <property name="user.dir" value="/home/gkosia/my-repos/flink/flink_101_java/learn-flink"/>
    <property name="os.arch" value="amd64"/>
    <property name="java.vm.specification.name" value="Java Virtual Machine Specification"/>
    <property name="java.awt.printerjob" value="sun.print.PSPrinterJob"/>
    <property name="sun.os.patch.level" value="unknown"/>
    <property name="java.library.path" value="/usr/java/packages/lib:/usr/lib/x86_64-linux-gnu/jni:/lib/x86_64-linux-gnu:/usr/lib/x86_64-linux-gnu:/usr/lib/jni:/lib:/usr/lib"/>
    <property name="java.vm.info" value="mixed mode, sharing"/>
    <property name="java.vendor" value="Ubuntu"/>
    <property name="java.vm.version" value="11.0.24+8-post-Ubuntu-1ubuntu322.04"/>
    <property name="java.specification.maintenance.version" value="2"/>
    <property name="sun.io.unicode.encoding" value="UnicodeLittle"/>
    <property name="java.class.version" value="55.0"/>
  </properties>
  <testcase name="shouldAnswerWithTrue" classname="gkosia.flink.java.AppTest" time="0"/>
</testsuite>